<?xml version="1.0" encoding="UTF-8"?>
<testsuite xmlns:xsi="http://www.w3.org/2001/XMLSchema-instance" xsi:noNamespaceSchemaLocation="https://maven.apache.org/surefire/maven-surefire-plugin/xsd/surefire-test-report.xsd" version="3.0.2" name="com.example.demo.DemoApplicationTests" time="6.68" tests="1" errors="0" skipped="0" failures="0">
  <properties>
[...]
</properties>
  <testcase name="contextLoads" classname="com.example.demo.DemoApplicationTests" time="0.969">
    <system-out><![CDATA[15:14:20.894 [main] INFO org.springframework.test.context.support.AnnotationConfigContextLoaderUtils -- Could not detect default configuration classes for test class [com.example.demo.DemoApplicationTests]: DemoApplicationTests does not declare any static, non-private, non-final, nested classes annotated with @Configuration.
15:14:21.145 [main] INFO org.springframework.boot.test.context.SpringBootTestContextBootstrapper -- Found @SpringBootConfiguration com.example.demo.DemoApplication for test class com.example.demo.DemoApplicationTests
15:14:21.466 [main] INFO org.springframework.boot.devtools.restart.RestartApplicationListener -- Restart disabled due to context in which it is running

  .   ____          _            __ _ _
 /\\ / ___'_ __ _ _(_)_ __  __ _ \ \ \ \
( ( )\___ | '_ | '_| | '_ \/ _` | \ \ \ \
 \\/  ___)| |_)| | | | | || (_| |  ) ) ) )
  '  |____| .__|_| |_|_| |_\__, | / / / /
 =========|_|==============|___/=/_/_/_/

 :: Spring Boot ::       (v3.4.0-SNAPSHOT)

2024-12-14T15:14:21.979+07:00  INFO 14480 --- [demo] [           main] com.example.demo.DemoApplicationTests    : Starting DemoApplicationTests using Java 21.0.4 with PID 14480 (started by Kayden C in C:\Users\Kayden C\Downloads\Programming\JAVA\Semester-3\Spring\Non-Relational-Backend)
2024-12-14T15:14:21.981+07:00  INFO 14480 --- [demo] [           main] com.example.demo.DemoApplicationTests    : No active profile set, falling back to 1 default profile: "default"
2024-12-14T15:14:23.232+07:00  INFO 14480 --- [demo] [           main] .s.d.r.c.RepositoryConfigurationDelegate : Bootstrapping Spring Data MongoDB repositories in DEFAULT mode.
2024-12-14T15:14:23.366+07:00  INFO 14480 --- [demo] [           main] .s.d.r.c.RepositoryConfigurationDelegate : Finished Spring Data repository scanning in 123 ms. Found 5 MongoDB repository interfaces.
2024-12-14T15:14:24.361+07:00  INFO 14480 --- [demo] [           main] org.mongodb.driver.client                : MongoClient with metadata {"driver": {"name": "mongo-java-driver|sync|spring-boot", "version": "5.2.1"}, "os": {"type": "Windows", "name": "Windows 11", "architecture": "amd64", "version": "10.0"}, "platform": "Java/Oracle Corporation/21.0.4+8-LTS-274"} created with settings MongoClientSettings{readPreference=primary, writeConcern=WriteConcern{w=null, wTimeout=null ms, journal=null}, retryWrites=true, retryReads=true, readConcern=ReadConcern{level=null}, credential=MongoCredential{mechanism=null, userName='bryanteffendi', source='admin', password=<hidden>, mechanismProperties=<hidden>}, transportSettings=null, commandListeners=[], codecRegistry=ProvidersCodecRegistry{codecProviders=[ValueCodecProvider{}, BsonValueCodecProvider{}, DBRefCodecProvider{}, DBObjectCodecProvider{}, DocumentCodecProvider{}, CollectionCodecProvider{}, IterableCodecProvider{}, MapCodecProvider{}, GeoJsonCodecProvider{}, GridFSFileCodecProvider{}, Jsr310CodecProvider{}, JsonObjectCodecProvider{}, BsonCodecProvider{}, EnumCodecProvider{}, com.mongodb.client.model.mql.ExpressionCodecProvider@42507640, com.mongodb.Jep395RecordCodecProvider@4dfe8b37, com.mongodb.KotlinCodecProvider@11dcd42c]}, loggerSettings=LoggerSettings{maxDocumentLength=1000}, clusterSettings={hosts=[127.0.0.1:27017], srvHost=cluster0.qvdrv.mongodb.net, srvServiceName=mongodb, mode=MULTIPLE, requiredClusterType=REPLICA_SET, requiredReplicaSetName='atlas-pb1zn5-shard-0', serverSelector='null', clusterListeners='[]', serverSelectionTimeout='30000 ms', localThreshold='15 ms'}, socketSettings=SocketSettings{connectTimeoutMS=10000, readTimeoutMS=0, receiveBufferSize=0, proxySettings=ProxySettings{host=null, port=null, username=null, password=null}}, heartbeatSocketSettings=SocketSettings{connectTimeoutMS=10000, readTimeoutMS=10000, receiveBufferSize=0, proxySettings=ProxySettings{host=null, port=null, username=null, password=null}}, connectionPoolSettings=ConnectionPoolSettings{maxSize=100, minSize=0, maxWaitTimeMS=120000, maxConnectionLifeTimeMS=0, maxConnectionIdleTimeMS=0, maintenanceInitialDelayMS=0, maintenanceFrequencyMS=60000, connectionPoolListeners=[], maxConnecting=2}, serverSettings=ServerSettings{heartbeatFrequencyMS=10000, minHeartbeatFrequencyMS=500, serverMonitoringMode=AUTO, serverListeners='[]', serverMonitorListeners='[]'}, sslSettings=SslSettings{enabled=true, invalidHostNameAllowed=false, context=null}, applicationName='null', compressorList=[], uuidRepresentation=JAVA_LEGACY, serverApi=null, autoEncryptionSettings=null, dnsClient=null, inetAddressResolver=null, contextProvider=null, timeoutMS=null}
2024-12-14T15:14:24.382+07:00  INFO 14480 --- [demo] [drv.mongodb.net] org.mongodb.driver.cluster               : Adding discovered server cluster0-shard-00-00.qvdrv.mongodb.net:27017 to client view of cluster
2024-12-14T15:14:24.441+07:00  INFO 14480 --- [demo] [drv.mongodb.net] org.mongodb.driver.cluster               : Adding discovered server cluster0-shard-00-01.qvdrv.mongodb.net:27017 to client view of cluster
2024-12-14T15:14:24.471+07:00  INFO 14480 --- [demo] [drv.mongodb.net] org.mongodb.driver.cluster               : Adding discovered server cluster0-shard-00-02.qvdrv.mongodb.net:27017 to client view of cluster
2024-12-14T15:14:25.660+07:00  INFO 14480 --- [demo] [ngodb.net:27017] org.mongodb.driver.cluster               : Monitor thread successfully connected to server with description ServerDescription{address=cluster0-shard-00-00.qvdrv.mongodb.net:27017, type=REPLICA_SET_SECONDARY, cryptd=false, state=CONNECTED, ok=true, minWireVersion=0, maxWireVersion=25, maxDocumentSize=16777216, logicalSessionTimeoutMinutes=30, roundTripTimeNanos=717945700, minRoundTripTimeNanos=0, setName='atlas-pb1zn5-shard-0', canonicalAddress=cluster0-shard-00-00.qvdrv.mongodb.net:27017, hosts=[cluster0-shard-00-01.qvdrv.mongodb.net:27017, cluster0-shard-00-02.qvdrv.mongodb.net:27017, cluster0-shard-00-00.qvdrv.mongodb.net:27017], passives=[], arbiters=[], primary='cluster0-shard-00-01.qvdrv.mongodb.net:27017', tagSet=TagSet{[Tag{name='availabilityZone', value='asia-southeast2-a'}, Tag{name='diskState', value='READY'}, Tag{name='nodeType', value='ELECTABLE'}, Tag{name='provider', value='GCP'}, Tag{name='region', value='ASIA_SOUTHEAST_2'}, Tag{name='workloadType', value='OPERATIONAL'}]}, electionId=null, setVersion=19, topologyVersion=TopologyVersion{processId=6744dd25f198621d9babcfac, counter=4}, lastWriteDate=Sat Dec 14 15:14:26 WIB 2024, lastUpdateTimeNanos=187908562824300}
2024-12-14T15:14:25.661+07:00  INFO 14480 --- [demo] [ngodb.net:27017] org.mongodb.driver.cluster               : Monitor thread successfully connected to server with description ServerDescription{address=cluster0-shard-00-02.qvdrv.mongodb.net:27017, type=REPLICA_SET_SECONDARY, cryptd=false, state=CONNECTED, ok=true, minWireVersion=0, maxWireVersion=25, maxDocumentSize=16777216, logicalSessionTimeoutMinutes=30, roundTripTimeNanos=717945600, minRoundTripTimeNanos=0, setName='atlas-pb1zn5-shard-0', canonicalAddress=cluster0-shard-00-02.qvdrv.mongodb.net:27017, hosts=[cluster0-shard-00-01.qvdrv.mongodb.net:27017, cluster0-shard-00-02.qvdrv.mongodb.net:27017, cluster0-shard-00-00.qvdrv.mongodb.net:27017], passives=[], arbiters=[], primary='cluster0-shard-00-01.qvdrv.mongodb.net:27017', tagSet=TagSet{[Tag{name='availabilityZone', value='asia-southeast2-c'}, Tag{name='diskState', value='READY'}, Tag{name='nodeType', value='ELECTABLE'}, Tag{name='provider', value='GCP'}, Tag{name='region', value='ASIA_SOUTHEAST_2'}, Tag{name='workloadType', value='OPERATIONAL'}]}, electionId=null, setVersion=19, topologyVersion=TopologyVersion{processId=6744e45ab45084bd3bb1336a, counter=3}, lastWriteDate=Sat Dec 14 15:14:26 WIB 2024, lastUpdateTimeNanos=187908562824300}
2024-12-14T15:14:25.661+07:00  INFO 14480 --- [demo] [ngodb.net:27017] org.mongodb.driver.cluster               : Monitor thread successfully connected to server with description ServerDescription{address=cluster0-shard-00-01.qvdrv.mongodb.net:27017, type=REPLICA_SET_PRIMARY, cryptd=false, state=CONNECTED, ok=true, minWireVersion=0, maxWireVersion=25, maxDocumentSize=16777216, logicalSessionTimeoutMinutes=30, roundTripTimeNanos=717950100, minRoundTripTimeNanos=0, setName='atlas-pb1zn5-shard-0', canonicalAddress=cluster0-shard-00-01.qvdrv.mongodb.net:27017, hosts=[cluster0-shard-00-01.qvdrv.mongodb.net:27017, cluster0-shard-00-02.qvdrv.mongodb.net:27017, cluster0-shard-00-00.qvdrv.mongodb.net:27017], passives=[], arbiters=[], primary='cluster0-shard-00-01.qvdrv.mongodb.net:27017', tagSet=TagSet{[Tag{name='availabilityZone', value='asia-southeast2-b'}, Tag{name='diskState', value='READY'}, Tag{name='nodeType', value='ELECTABLE'}, Tag{name='provider', value='GCP'}, Tag{name='region', value='ASIA_SOUTHEAST_2'}, Tag{name='workloadType', value='OPERATIONAL'}]}, electionId=7fffffff000000000000006e, setVersion=19, topologyVersion=TopologyVersion{processId=6744e0565031b630215d03cf, counter=6}, lastWriteDate=Sat Dec 14 15:14:26 WIB 2024, lastUpdateTimeNanos=187908562824300}
2024-12-14T15:14:25.667+07:00  INFO 14480 --- [demo] [ngodb.net:27017] org.mongodb.driver.cluster               : Discovered replica set primary cluster0-shard-00-01.qvdrv.mongodb.net:27017 with max election id 7fffffff000000000000006e and max set version 19
2024-12-14T15:14:26.261+07:00  INFO 14480 --- [demo] [           main] com.example.demo.DemoApplicationTests    : Started DemoApplicationTests in 4.821 seconds (process running for 6.647)
]]></system-out>
    <system-err><![CDATA[Mockito is currently self-attaching to enable the inline-mock-maker. This will no longer work in future releases of the JDK. Please add Mockito as an agent to your build what is described in Mockito's documentation: https://javadoc.io/doc/org.mockito/mockito-core/latest/org/mockito/Mockito.html#0.3
WARNING: A Java agent has been loaded dynamically (C:\Users\Kayden C\.m2\repository\net\bytebuddy\byte-buddy-agent\1.15.10\byte-buddy-agent-1.15.10.jar)
WARNING: If a serviceability tool is in use, please run with -XX:+EnableDynamicAgentLoading to hide this warning
WARNING: If a serviceability tool is not in use, please run with -Djdk.instrument.traceUsage for more information
WARNING: Dynamic loading of agents will be disallowed by default in a future release
]]></system-err>
  </testcase>
</testsuite>